2025-03-04 23:18:10,054 - root - INFO - Loading features from .
2025-03-04 23:18:10,056 - root - INFO - Loading unified dataset from ./unified_dataset.npz
2025-03-04 23:18:10,057 - root - INFO - 
==================== Training with rf features ====================
2025-03-04 23:18:10,250 - root - INFO - Training Random Forest with 88 features
2025-03-04 23:18:10,250 - root - INFO - Training set: 403 samples
2025-03-04 23:18:10,250 - root - INFO - Test set: 101 samples
2025-03-04 23:18:10,396 - root - INFO - Training accuracy: 1.0000
2025-03-04 23:18:10,397 - root - INFO - Test accuracy: 0.8416
2025-03-04 23:18:11,088 - root - INFO - Cross-validation scores: [0.9009901  0.91089109 0.89108911 0.81188119 0.86      ]
2025-03-04 23:18:11,088 - root - INFO - Mean CV score: 0.8750 ± 0.0359
2025-03-04 23:19:49,519 - root - INFO - Loading features from .
2025-03-04 23:19:49,520 - root - INFO - Loading unified dataset from ./unified_dataset.npz
2025-03-04 23:19:49,521 - root - INFO - 
==================== Training with rf features ====================
2025-03-04 23:19:49,662 - root - INFO - Training Random Forest with 88 features
2025-03-04 23:19:49,662 - root - INFO - Training set: 403 samples
2025-03-04 23:19:49,662 - root - INFO - Test set: 101 samples
2025-03-04 23:19:49,806 - root - INFO - Training accuracy: 1.0000
2025-03-04 23:19:49,806 - root - INFO - Test accuracy: 0.8416
2025-03-04 23:19:50,489 - root - INFO - Cross-validation scores: [0.9009901  0.91089109 0.89108911 0.81188119 0.86      ]
2025-03-04 23:19:50,489 - root - INFO - Mean CV score: 0.8750 ± 0.0359
2025-03-04 23:19:50,495 - root - INFO - Classification report:
              precision    recall  f1-score   support

          ah       0.50      1.00      0.67         4
         bah       1.00      0.75      0.86         4
         bee       0.83      1.00      0.91         5
         beh       1.00      0.80      0.89         5
         boh       1.00      0.80      0.89         5
         boo       1.00      1.00      1.00         4
          ee       1.00      0.75      0.86         4
          eh       1.00      0.80      0.89         5
         lah       0.75      1.00      0.86         6
         lee       0.80      0.80      0.80         5
         leh       1.00      0.50      0.67         4
         loh       1.00      0.75      0.86         4
         loo       1.00      1.00      1.00         5
         mah       1.00      0.75      0.86         4
         mee       1.00      1.00      1.00         5
         meh       0.64      1.00      0.78         7
         moh       0.67      1.00      0.80         4
         moo       1.00      0.67      0.80         6
          oh       1.00      0.50      0.67         4
          oo       0.71      0.83      0.77         6
        ooah       1.00      0.80      0.89         5

    accuracy                           0.84       101
   macro avg       0.90      0.83      0.84       101
weighted avg       0.89      0.84      0.84       101

2025-03-04 23:19:50,780 - root - INFO - Saved confusion matrix to ../model_results/confusion_matrix_rf.png
2025-03-04 23:19:50,856 - root - INFO - Saved feature importance plot to ../model_results/feature_importance_rf.png
2025-03-04 23:19:50,856 - root - INFO - 
==================== Training with rf+rhythm features ====================
2025-03-04 23:19:50,987 - root - INFO - Training Random Forest with 88 features
2025-03-04 23:19:50,987 - root - INFO - Training set: 403 samples
2025-03-04 23:19:50,987 - root - INFO - Test set: 101 samples
2025-03-04 23:19:51,133 - root - INFO - Training accuracy: 1.0000
2025-03-04 23:19:51,133 - root - INFO - Test accuracy: 0.8416
2025-03-04 23:19:51,819 - root - INFO - Cross-validation scores: [0.9009901  0.91089109 0.89108911 0.81188119 0.86      ]
2025-03-04 23:19:51,819 - root - INFO - Mean CV score: 0.8750 ± 0.0359
2025-03-04 23:19:51,824 - root - INFO - Classification report:
              precision    recall  f1-score   support

          ah       0.50      1.00      0.67         4
         bah       1.00      0.75      0.86         4
         bee       0.83      1.00      0.91         5
         beh       1.00      0.80      0.89         5
         boh       1.00      0.80      0.89         5
         boo       1.00      1.00      1.00         4
          ee       1.00      0.75      0.86         4
          eh       1.00      0.80      0.89         5
         lah       0.75      1.00      0.86         6
         lee       0.80      0.80      0.80         5
         leh       1.00      0.50      0.67         4
         loh       1.00      0.75      0.86         4
         loo       1.00      1.00      1.00         5
         mah       1.00      0.75      0.86         4
         mee       1.00      1.00      1.00         5
         meh       0.64      1.00      0.78         7
         moh       0.67      1.00      0.80         4
         moo       1.00      0.67      0.80         6
          oh       1.00      0.50      0.67         4
          oo       0.71      0.83      0.77         6
        ooah       1.00      0.80      0.89         5

    accuracy                           0.84       101
   macro avg       0.90      0.83      0.84       101
weighted avg       0.89      0.84      0.84       101

2025-03-04 23:19:52,019 - root - INFO - Saved confusion matrix to ../model_results/confusion_matrix_rf+rhythm.png
2025-03-04 23:19:52,090 - root - INFO - Saved feature importance plot to ../model_results/feature_importance_rf+rhythm.png
2025-03-04 23:19:52,090 - root - INFO - 
==================== Training with rf+spectral features ====================
2025-03-04 23:19:52,215 - root - INFO - Training Random Forest with 88 features
2025-03-04 23:19:52,215 - root - INFO - Training set: 403 samples
2025-03-04 23:19:52,215 - root - INFO - Test set: 101 samples
2025-03-04 23:19:52,361 - root - INFO - Training accuracy: 1.0000
2025-03-04 23:19:52,361 - root - INFO - Test accuracy: 0.8416
2025-03-04 23:19:53,062 - root - INFO - Cross-validation scores: [0.9009901  0.91089109 0.89108911 0.81188119 0.86      ]
2025-03-04 23:19:53,062 - root - INFO - Mean CV score: 0.8750 ± 0.0359
2025-03-04 23:19:53,067 - root - INFO - Classification report:
              precision    recall  f1-score   support

          ah       0.50      1.00      0.67         4
         bah       1.00      0.75      0.86         4
         bee       0.83      1.00      0.91         5
         beh       1.00      0.80      0.89         5
         boh       1.00      0.80      0.89         5
         boo       1.00      1.00      1.00         4
          ee       1.00      0.75      0.86         4
          eh       1.00      0.80      0.89         5
         lah       0.75      1.00      0.86         6
         lee       0.80      0.80      0.80         5
         leh       1.00      0.50      0.67         4
         loh       1.00      0.75      0.86         4
         loo       1.00      1.00      1.00         5
         mah       1.00      0.75      0.86         4
         mee       1.00      1.00      1.00         5
         meh       0.64      1.00      0.78         7
         moh       0.67      1.00      0.80         4
         moo       1.00      0.67      0.80         6
          oh       1.00      0.50      0.67         4
          oo       0.71      0.83      0.77         6
        ooah       1.00      0.80      0.89         5

    accuracy                           0.84       101
   macro avg       0.90      0.83      0.84       101
weighted avg       0.89      0.84      0.84       101

2025-03-04 23:19:53,236 - root - INFO - Saved confusion matrix to ../model_results/confusion_matrix_rf+spectral.png
2025-03-04 23:19:53,312 - root - INFO - Saved feature importance plot to ../model_results/feature_importance_rf+spectral.png
2025-03-04 23:19:53,312 - root - INFO - 
==================== Training with rf+tonal features ====================
2025-03-04 23:19:53,440 - root - INFO - Training Random Forest with 88 features
2025-03-04 23:19:53,440 - root - INFO - Training set: 403 samples
2025-03-04 23:19:53,440 - root - INFO - Test set: 101 samples
2025-03-04 23:19:53,585 - root - INFO - Training accuracy: 1.0000
2025-03-04 23:19:53,586 - root - INFO - Test accuracy: 0.8416
2025-03-04 23:19:54,283 - root - INFO - Cross-validation scores: [0.9009901  0.91089109 0.89108911 0.81188119 0.86      ]
2025-03-04 23:19:54,283 - root - INFO - Mean CV score: 0.8750 ± 0.0359
2025-03-04 23:19:54,288 - root - INFO - Classification report:
              precision    recall  f1-score   support

          ah       0.50      1.00      0.67         4
         bah       1.00      0.75      0.86         4
         bee       0.83      1.00      0.91         5
         beh       1.00      0.80      0.89         5
         boh       1.00      0.80      0.89         5
         boo       1.00      1.00      1.00         4
          ee       1.00      0.75      0.86         4
          eh       1.00      0.80      0.89         5
         lah       0.75      1.00      0.86         6
         lee       0.80      0.80      0.80         5
         leh       1.00      0.50      0.67         4
         loh       1.00      0.75      0.86         4
         loo       1.00      1.00      1.00         5
         mah       1.00      0.75      0.86         4
         mee       1.00      1.00      1.00         5
         meh       0.64      1.00      0.78         7
         moh       0.67      1.00      0.80         4
         moo       1.00      0.67      0.80         6
          oh       1.00      0.50      0.67         4
          oo       0.71      0.83      0.77         6
        ooah       1.00      0.80      0.89         5

    accuracy                           0.84       101
   macro avg       0.90      0.83      0.84       101
weighted avg       0.89      0.84      0.84       101

2025-03-04 23:19:54,509 - root - INFO - Saved confusion matrix to ../model_results/confusion_matrix_rf+tonal.png
2025-03-04 23:19:54,580 - root - INFO - Saved feature importance plot to ../model_results/feature_importance_rf+tonal.png
2025-03-04 23:19:54,580 - root - INFO - 
==================== Training with rf+rhythm+spectral features ====================
2025-03-04 23:19:54,702 - root - INFO - Training Random Forest with 88 features
2025-03-04 23:19:54,703 - root - INFO - Training set: 403 samples
2025-03-04 23:19:54,703 - root - INFO - Test set: 101 samples
2025-03-04 23:19:54,850 - root - INFO - Training accuracy: 1.0000
2025-03-04 23:19:54,850 - root - INFO - Test accuracy: 0.8416
2025-03-04 23:19:55,534 - root - INFO - Cross-validation scores: [0.9009901  0.91089109 0.89108911 0.81188119 0.86      ]
2025-03-04 23:19:55,534 - root - INFO - Mean CV score: 0.8750 ± 0.0359
2025-03-04 23:19:55,539 - root - INFO - Classification report:
              precision    recall  f1-score   support

          ah       0.50      1.00      0.67         4
         bah       1.00      0.75      0.86         4
         bee       0.83      1.00      0.91         5
         beh       1.00      0.80      0.89         5
         boh       1.00      0.80      0.89         5
         boo       1.00      1.00      1.00         4
          ee       1.00      0.75      0.86         4
          eh       1.00      0.80      0.89         5
         lah       0.75      1.00      0.86         6
         lee       0.80      0.80      0.80         5
         leh       1.00      0.50      0.67         4
         loh       1.00      0.75      0.86         4
         loo       1.00      1.00      1.00         5
         mah       1.00      0.75      0.86         4
         mee       1.00      1.00      1.00         5
         meh       0.64      1.00      0.78         7
         moh       0.67      1.00      0.80         4
         moo       1.00      0.67      0.80         6
          oh       1.00      0.50      0.67         4
          oo       0.71      0.83      0.77         6
        ooah       1.00      0.80      0.89         5

    accuracy                           0.84       101
   macro avg       0.90      0.83      0.84       101
weighted avg       0.89      0.84      0.84       101

2025-03-04 23:19:55,703 - root - INFO - Saved confusion matrix to ../model_results/confusion_matrix_rf+rhythm+spectral.png
2025-03-04 23:19:55,836 - root - INFO - Saved feature importance plot to ../model_results/feature_importance_rf+rhythm+spectral.png
2025-03-04 23:19:55,836 - root - INFO - 
==================== Training with rf+rhythm+spectral+tonal features ====================
2025-03-04 23:19:55,960 - root - INFO - Training Random Forest with 88 features
2025-03-04 23:19:55,961 - root - INFO - Training set: 403 samples
2025-03-04 23:19:55,961 - root - INFO - Test set: 101 samples
2025-03-04 23:19:56,107 - root - INFO - Training accuracy: 1.0000
2025-03-04 23:19:56,107 - root - INFO - Test accuracy: 0.8416
2025-03-04 23:19:56,791 - root - INFO - Cross-validation scores: [0.9009901  0.91089109 0.89108911 0.81188119 0.86      ]
2025-03-04 23:19:56,791 - root - INFO - Mean CV score: 0.8750 ± 0.0359
2025-03-04 23:19:56,796 - root - INFO - Classification report:
              precision    recall  f1-score   support

          ah       0.50      1.00      0.67         4
         bah       1.00      0.75      0.86         4
         bee       0.83      1.00      0.91         5
         beh       1.00      0.80      0.89         5
         boh       1.00      0.80      0.89         5
         boo       1.00      1.00      1.00         4
          ee       1.00      0.75      0.86         4
          eh       1.00      0.80      0.89         5
         lah       0.75      1.00      0.86         6
         lee       0.80      0.80      0.80         5
         leh       1.00      0.50      0.67         4
         loh       1.00      0.75      0.86         4
         loo       1.00      1.00      1.00         5
         mah       1.00      0.75      0.86         4
         mee       1.00      1.00      1.00         5
         meh       0.64      1.00      0.78         7
         moh       0.67      1.00      0.80         4
         moo       1.00      0.67      0.80         6
          oh       1.00      0.50      0.67         4
          oo       0.71      0.83      0.77         6
        ooah       1.00      0.80      0.89         5

    accuracy                           0.84       101
   macro avg       0.90      0.83      0.84       101
weighted avg       0.89      0.84      0.84       101

2025-03-04 23:19:56,961 - root - INFO - Saved confusion matrix to ../model_results/confusion_matrix_rf+rhythm+spectral+tonal.png
2025-03-04 23:19:57,032 - root - INFO - Saved feature importance plot to ../model_results/feature_importance_rf+rhythm+spectral+tonal.png
2025-03-04 23:19:57,032 - root - INFO - 

============================== RESULTS SUMMARY ==============================
2025-03-04 23:19:57,033 - root - INFO - 
Model Performance Summary:
2025-03-04 23:19:57,035 - root - INFO - 
             Feature Set  Feature Count  Train Accuracy  Test Accuracy  CV Score   CV Std
                      rf             88             1.0       0.841584   0.87497 0.035865
               rf+rhythm             88             1.0       0.841584   0.87497 0.035865
             rf+spectral             88             1.0       0.841584   0.87497 0.035865
                rf+tonal             88             1.0       0.841584   0.87497 0.035865
      rf+rhythm+spectral             88             1.0       0.841584   0.87497 0.035865
rf+rhythm+spectral+tonal             88             1.0       0.841584   0.87497 0.035865
2025-03-04 23:19:57,036 - root - INFO - 
Saved summary to ../model_results/model_summary.csv
2025-03-04 23:19:57,097 - root - INFO - Saved comparison plot to ../model_results/model_comparison.png
